app/build/intermediates/manifest_merge_blame_file/debug/manifest-merger-blame-debug-report.txt
1<?xml version="1.0" encoding="utf-8"?>
2<manifest xmlns:android="http://schemas.android.com/apk/res/android"
3    package="com.example.salbian"
4    android:versionCode="1"
5    android:versionName="1.0" >
6
7    <uses-sdk
8        android:minSdkVersion="16"
8-->src\main\AndroidManifest.xml
9        android:targetSdkVersion="29" />
9-->src\main\AndroidManifest.xml
10
11    <application
11-->src\main\AndroidManifest.xml:5:5-31:19
12        android:allowBackup="true"
12-->src\main\AndroidManifest.xml:6:9-35
13        android:appComponentFactory="androidx.core.app.CoreComponentFactory"
13-->[androidx.core:core:1.1.0] AndroidManifest.xml:24:18-86
14        android:debuggable="true"
15        android:icon="@mipmap/ic_launcher"
15-->src\main\AndroidManifest.xml:7:9-43
16        android:label="@string/app_name"
16-->src\main\AndroidManifest.xml:8:9-41
17        android:roundIcon="@mipmap/ic_launcher_round"
17-->src\main\AndroidManifest.xml:9:9-54
18        android:supportsRtl="true"
18-->src\main\AndroidManifest.xml:10:9-35
19        android:theme="@style/AppTheme" >
19-->src\main\AndroidManifest.xml:11:9-40
20        <activity android:name="com.example.salbian.Main11Activity" />
20-->src\main\AndroidManifest.xml:12:9-61
20-->src\main\AndroidManifest.xml:12:19-49
21        <activity
21-->src\main\AndroidManifest.xml:13:9-15:58
22            android:name="com.example.salbian.AddModifyTask"
22-->src\main\AndroidManifest.xml:14:13-42
23            android:windowSoftInputMode="adjustResize" />
23-->src\main\AndroidManifest.xml:15:13-55
24        <activity android:name="com.example.salbian.Main10Activity" />
24-->src\main\AndroidManifest.xml:16:9-52
24-->src\main\AndroidManifest.xml:16:19-49
25        <activity android:name="com.example.salbian.Main9Activity" />
25-->src\main\AndroidManifest.xml:17:9-51
25-->src\main\AndroidManifest.xml:17:19-48
26        <activity android:name="com.example.salbian.Main8Activity" />
26-->src\main\AndroidManifest.xml:18:9-51
26-->src\main\AndroidManifest.xml:18:19-48
27        <activity android:name="com.example.salbian.Main7Activity" />
27-->src\main\AndroidManifest.xml:19:9-51
27-->src\main\AndroidManifest.xml:19:19-48
28        <activity android:name="com.example.salbian.Main5Activity" />
28-->src\main\AndroidManifest.xml:20:9-51
28-->src\main\AndroidManifest.xml:20:19-48
29        <activity android:name="com.example.salbian.Main4Activity" />
29-->src\main\AndroidManifest.xml:21:9-51
29-->src\main\AndroidManifest.xml:21:19-48
30        <activity android:name="com.example.salbian.Main3Activity" />
30-->src\main\AndroidManifest.xml:22:9-51
30-->src\main\AndroidManifest.xml:22:19-48
31        <activity android:name="com.example.salbian.Main2Activity" />
31-->src\main\AndroidManifest.xml:23:9-51
31-->src\main\AndroidManifest.xml:23:19-48
32        <activity android:name="com.example.salbian.MainActivity" >
32-->src\main\AndroidManifest.xml:24:9-30:20
32-->src\main\AndroidManifest.xml:24:19-47
33            <intent-filter>
33-->src\main\AndroidManifest.xml:25:13-29:29
34                <action android:name="android.intent.action.MAIN" />
34-->src\main\AndroidManifest.xml:26:17-69
34-->src\main\AndroidManifest.xml:26:25-66
35
36                <category android:name="android.intent.category.LAUNCHER" />
36-->src\main\AndroidManifest.xml:28:17-77
36-->src\main\AndroidManifest.xml:28:27-74
37            </intent-filter>
38        </activity>
39    </application>
40
41</manifest>